format thought {
    is text<20>;
    annotate f"a short text representing a single thought, it does not have to be a proper sentence.";
}

prompt main {
    is {
        topic is text<20>;
        question is text<50>;
        choices[4] is text<40>;
        work[1:10] is thought;
        answer is repeat(.choices);
    }
    channel {
        to .topic    from ?topic;
        to .question from ?question;
        to .choices  from ?choices;
    }
    return {
        from .answer;
    }
    annotate {
        _ as "You are answering a multiple choice questionnaire.";
        .topic           as "the general category from which the question was taken";
        .question        as "the question that you have to answer";
        .choices         as "the four possible choices to answer the question, only one is correct";
        .work            as "show your work step-by-step";
        .answer          as "you repeat verbatim the choice that best answer the question";
    }
}