entry(choose): You are filtering search results for a user's query.

formats:
- identifier: an identifer such as a url, a serial number, ...
- sentence: a single, grammatically correct, sentence in natural language 
- paragraph: one or more sentences forming a coherent unit

prompt(choose): You are shown the result of a search query, select the best answer, and explain your choice.
- target(query)
- target(item) call(search) kwargs(query, query) kwargs(num, {num_item}) kwargs(engine, {engine})
> query: The query for the seach engine
> item[{num_item}]: the item returned by the search
> > title: the title of the search result
> > uid(identifier): a unique identifier for this result
> > content[{num_content}](paragraph): the content of this result
> evaluate[{num_thought_choose}](thought): evaluate the results that are shown
> choice(identifier): pick which result is the most informative
> why(sentence): explain why it is the most relevant item
__exit(choice,why): the user will be given your choice and justification

?engine="google"
?num_item=10
?num_content=5
?num_thought_choose=3
